<?xml version="1.0" encoding="UTF-8"?>
<coverage generated="1781714233736" clover="3.2.0">
  <project timestamp="1781714233737" name="All files">
    <metrics statements="36" coveredstatements="11" conditionals="13" coveredconditionals="2" methods="17" coveredmethods="7" elements="66" coveredelements="20" complexity="0" loc="36" ncloc="36" packages="4" files="8" classes="8"/>
    <package name="components">
      <metrics statements="1" coveredstatements="1" conditionals="0" coveredconditionals="0" methods="1" coveredmethods="1"/>
      <file name="login-form.tsx" path="D:\tetri\git\centelha\projects\biblioteca\frontend\src\components\login-form.tsx">
        <metrics statements="1" coveredstatements="1" conditionals="0" coveredconditionals="0" methods="1" coveredmethods="1"/>
        <line num="11" count="1" type="stmt"/>
      </file>
    </package>
    <package name="components.ui">
      <metrics statements="12" coveredstatements="7" conditionals="3" coveredconditionals="2" methods="10" coveredmethods="5"/>
      <file name="button.tsx" path="D:\tetri\git\centelha\projects\biblioteca\frontend\src\components\ui\button.tsx">
        <metrics statements="3" coveredstatements="3" conditionals="3" coveredconditionals="2" methods="1" coveredmethods="1"/>
        <line num="7" count="1" type="stmt"/>
        <line num="48" count="1" type="cond" truecount="1" falsecount="1"/>
        <line num="50" count="1" type="stmt"/>
      </file>
      <file name="card.tsx" path="D:\tetri\git\centelha\projects\biblioteca\frontend\src\components\ui\card.tsx">
        <metrics statements="7" coveredstatements="2" conditionals="0" coveredconditionals="0" methods="7" coveredmethods="2"/>
        <line num="6" count="1" type="stmt"/>
        <line num="19" count="0" type="stmt"/>
        <line num="32" count="0" type="stmt"/>
        <line num="42" count="0" type="stmt"/>
        <line num="52" count="0" type="stmt"/>
        <line num="65" count="1" type="stmt"/>
        <line num="75" count="0" type="stmt"/>
      </file>
      <file name="input.tsx" path="D:\tetri\git\centelha\projects\biblioteca\frontend\src\components\ui\input.tsx">
        <metrics statements="1" coveredstatements="1" conditionals="0" coveredconditionals="0" methods="1" coveredmethods="1"/>
        <line num="6" count="2" type="stmt"/>
      </file>
      <file name="label.tsx" path="D:\tetri\git\centelha\projects\biblioteca\frontend\src\components\ui\label.tsx">
        <metrics statements="1" coveredstatements="1" conditionals="0" coveredconditionals="0" methods="1" coveredmethods="1"/>
        <line num="10" count="2" type="stmt"/>
      </file>
    </package>
    <package name="lib">
      <metrics statements="15" coveredstatements="1" conditionals="6" coveredconditionals="0" methods="3" coveredmethods="1"/>
      <file name="utils.ts" path="D:\tetri\git\centelha\projects\biblioteca\frontend\src\lib\utils.ts">
        <metrics statements="15" coveredstatements="1" conditionals="6" coveredconditionals="0" methods="3" coveredmethods="1"/>
        <line num="5" count="8" type="stmt"/>
        <line num="12" count="0" type="stmt"/>
        <line num="13" count="0" type="stmt"/>
        <line num="14" count="0" type="cond" truecount="0" falsecount="2"/>
        <line num="15" count="0" type="stmt"/>
        <line num="18" count="0" type="stmt"/>
        <line num="19" count="0" type="stmt"/>
        <line num="20" count="0" type="cond" truecount="0" falsecount="2"/>
        <line num="21" count="0" type="cond" truecount="0" falsecount="2"/>
        <line num="22" count="0" type="stmt"/>
        <line num="24" count="0" type="stmt"/>
        <line num="27" count="0" type="stmt"/>
        <line num="30" count="0" type="stmt"/>
        <line num="34" count="0" type="stmt"/>
        <line num="36" count="0" type="stmt"/>
      </file>
    </package>
    <package name="mocks">
      <metrics statements="8" coveredstatements="2" conditionals="4" coveredconditionals="0" methods="3" coveredmethods="0"/>
      <file name="handlers.ts" path="D:\tetri\git\centelha\projects\biblioteca\frontend\src\mocks\handlers.ts">
        <metrics statements="7" coveredstatements="1" conditionals="4" coveredconditionals="0" methods="3" coveredmethods="0"/>
        <line num="3" count="1" type="stmt"/>
        <line num="5" count="0" type="stmt"/>
        <line num="6" count="0" type="cond" truecount="0" falsecount="4"/>
        <line num="7" count="0" type="stmt"/>
        <line num="9" count="0" type="stmt"/>
        <line num="13" count="0" type="stmt"/>
        <line num="17" count="0" type="stmt"/>
      </file>
      <file name="server.ts" path="D:\tetri\git\centelha\projects\biblioteca\frontend\src\mocks\server.ts">
        <metrics statements="1" coveredstatements="1" conditionals="0" coveredconditionals="0" methods="0" coveredmethods="0"/>
        <line num="4" count="1" type="stmt"/>
      </file>
    </package>
  </project>
</coverage>
